Wed 19 Apr 2023 01:48:31 AM UTC: 
 tests:  0|6
total_score: 0/70
66da31f
Wed 19 Apr 2023 01:58:11 AM UTC: 
 hashmap.c | 14 ++++++++++++--
 1 file changed, 12 insertions(+), 2 deletions(-)
In file included from test.c:4:
hashmap.c: In function ‘insertMap’:
hashmap.c:45:3: error: expected ‘,’ or ‘;’ before ‘while’
   45 |   while(1)
      |   ^~~~~
hashmap.c:44:6: error: unused variable ‘codigo’ [-Werror=unused-variable]
   44 | long codigo = hash(key, map->capacity)
      |      ^~~~~~
hashmap.c: In function ‘createMap’:
hashmap.c:63:17: error: expected ‘;’ before ‘mapa’
   63 |   mapa->size = 0
      |                 ^
      |                 ;
   64 |   mapa->capacity = capacity;
      |   ~~~~           
cc1: all warnings being treated as errors
Compilation failed
ee21b58
Wed 19 Apr 2023 01:58:37 AM UTC: 
 hashmap.c | 2 +-
 1 file changed, 1 insertion(+), 1 deletion(-)
In file included from test.c:4:
hashmap.c: In function ‘insertMap’:
hashmap.c:45:1: error: expected ‘,’ or ‘;’ before ‘while’
   45 | while(1)
      | ^~~~~
hashmap.c:44:6: error: unused variable ‘codigo’ [-Werror=unused-variable]
   44 | long codigo = hash(key, map->capacity)
      |      ^~~~~~
cc1: all warnings being treated as errors
Compilation failed
450c12e
Wed 19 Apr 2023 01:58:47 AM UTC: 
 hashmap.c | 2 +-
 1 file changed, 1 insertion(+), 1 deletion(-)
 tests:  1|5
total_score: 10/70
5fea3ea
Wed 19 Apr 2023 02:48:10 AM UTC: 
 hashmap.c | 1 +
 1 file changed, 1 insertion(+)
In file included from test.c:4:
hashmap.c: In function ‘insertMap’:
hashmap.c:49:25: error: invalid operands to binary + (have ‘Pair *’ and ‘char *’)
   49 |     map->buckets[codigo]+=key;
      |                         ^~
Compilation failed
9e5b474
Wed 19 Apr 2023 02:48:21 AM UTC: 
 hashmap.c | 2 +-
 1 file changed, 1 insertion(+), 1 deletion(-)
In file included from test.c:4:
hashmap.c: In function ‘insertMap’:
hashmap.c:49:25: error: assignment to ‘Pair *’ from incompatible pointer type ‘char *’ [-Werror=incompatible-pointer-types]
   49 |     map->buckets[codigo]=key;
      |                         ^
cc1: all warnings being treated as errors
Compilation failed
88c8383
Wed 19 Apr 2023 02:48:30 AM UTC: 
 hashmap.c | 2 +-
 1 file changed, 1 insertion(+), 1 deletion(-)
In file included from test.c:4:
hashmap.c: In function ‘insertMap’:
hashmap.c:49:25: error: comparison of distinct pointer types lacks a cast [-Werror]
   49 |     map->buckets[codigo]==key;
      |                         ^~
hashmap.c:49:25: error: statement with no effect [-Werror=unused-value]
   49 |     map->buckets[codigo]==key;
      |     ~~~~~~~~~~~~~~~~~~~~^~~~~
cc1: all warnings being treated as errors
Compilation failed
df19c02
Wed 19 Apr 2023 02:49:17 AM UTC: 
 hashmap.c | 2 +-
 1 file changed, 1 insertion(+), 1 deletion(-)
In file included from test.c:4:
hashmap.c: In function ‘insertMap’:
hashmap.c:49:9: error: assignment to ‘char *’ from incompatible pointer type ‘Pair *’ [-Werror=incompatible-pointer-types]
   49 |     key = map->buckets[codigo];
      |         ^
cc1: all warnings being treated as errors
Compilation failed
ba028d6
Wed 19 Apr 2023 02:50:20 AM UTC: 
 hashmap.c | 2 +-
 1 file changed, 1 insertion(+), 1 deletion(-)
In file included from test.c:4:
hashmap.c: In function ‘insertMap’:
hashmap.c:49:29: error: expected expression before ‘long’
   49 |     map->buckets[codigo] += long(key);
      |                             ^~~~
Compilation failed
f8e1baa
Wed 19 Apr 2023 02:51:56 AM UTC: 
 hashmap.c | 2 +-
 1 file changed, 1 insertion(+), 1 deletion(-)
In file included from test.c:4:
hashmap.c: In function ‘insertMap’:
hashmap.c:49:26: error: invalid operands to binary + (have ‘Pair *’ and ‘void *’)
   49 |     map->buckets[codigo] += value;
      |                          ^~
Compilation failed
a6558a6
Wed 19 Apr 2023 02:52:11 AM UTC: 
 hashmap.c | 2 +-
 1 file changed, 1 insertion(+), 1 deletion(-)
In file included from test.c:4:
hashmap.c: In function ‘insertMap’:
hashmap.c:49:26: error: statement with no effect [-Werror=unused-value]
   49 |     map->buckets[codigo] == value;
      |     ~~~~~~~~~~~~~~~~~~~~~^~~~~~~~
cc1: all warnings being treated as errors
Compilation failed
73400f4
Wed 19 Apr 2023 02:52:38 AM UTC: 
 hashmap.c | 2 +-
 1 file changed, 1 insertion(+), 1 deletion(-)
In file included from test.c:4:
hashmap.c: In function ‘insertMap’:
hashmap.c:49:26: error: invalid operands to binary + (have ‘Pair *’ and ‘void *’)
   49 |     map->buckets[codigo] += value;
      |                          ^~
Compilation failed
46c943a
Wed 19 Apr 2023 02:53:35 AM UTC: 
 hashmap.c | 3 ++-
 1 file changed, 2 insertions(+), 1 deletion(-)
 tests:  1|5
total_score: 10/70
2262223
Wed 19 Apr 2023 02:53:58 AM UTC: 
 hashmap.c | 2 +-
 1 file changed, 1 insertion(+), 1 deletion(-)
 tests:  1|5
total_score: 10/70
2fa26b1
Wed 19 Apr 2023 02:54:21 AM UTC: 
 hashmap.c | 2 +-
 1 file changed, 1 insertion(+), 1 deletion(-)
In file included from test.c:4:
hashmap.c: In function ‘insertMap’:
hashmap.c:50:17: error: array subscript is not an integer
   50 |     map->buckets[key]->value=value;
      |                 ^
Compilation failed
824856b
Wed 19 Apr 2023 02:54:37 AM UTC: 
 hashmap.c | 2 +-
 1 file changed, 1 insertion(+), 1 deletion(-)
In file included from test.c:4:
hashmap.c: In function ‘insertMap’:
hashmap.c:50:17: error: ‘*map->buckets’ is a pointer; did you mean to use ‘->’?
   50 |     map->buckets->key->value=value;
      |                 ^~
      |                 ->
Compilation failed
7a8ea43
Wed 19 Apr 2023 02:54:51 AM UTC: 
 hashmap.c | 2 +-
 1 file changed, 1 insertion(+), 1 deletion(-)
In file included from test.c:4:
hashmap.c: In function ‘insertMap’:
hashmap.c:50:17: error: request for member ‘key’ in something not a structure or union
   50 |     map->buckets.key->value=value;
      |                 ^
Compilation failed
712be55
Wed 19 Apr 2023 02:55:58 AM UTC: 
 hashmap.c | 3 +--
 1 file changed, 1 insertion(+), 2 deletions(-)
 tests:  1|5
total_score: 10/70
c601f23
Wed 19 Apr 2023 02:56:41 AM UTC: 
 hashmap.c | 2 +-
 1 file changed, 1 insertion(+), 1 deletion(-)
 tests:  0|0
7899936
Wed 19 Apr 2023 02:59:37 AM UTC: 
 hashmap.c | 4 ++--
 1 file changed, 2 insertions(+), 2 deletions(-)
 tests:  0|0
4ed5d9a
Wed 19 Apr 2023 03:00:13 AM UTC: 
 hashmap.c | 2 +-
 1 file changed, 1 insertion(+), 1 deletion(-)
 tests:  1|5
total_score: 10/70
142eb7b
Wed 19 Apr 2023 03:01:31 AM UTC: 
 hashmap.c | 3 ++-
 1 file changed, 2 insertions(+), 1 deletion(-)
In file included from test.c:4:
hashmap.c: In function ‘insertMap’:
hashmap.c:47:5: error: this ‘if’ clause does not guard... [-Werror=misleading-indentation]
   47 |     if(is_equal(map->buckets[codigo],key)==0)
      |     ^~
hashmap.c:49:7: note: ...this statement, but the latter is misleadingly indented as if it were guarded by the ‘if’
   49 |       break;
      |       ^~~~~
cc1: all warnings being treated as errors
Compilation failed
1fad4f2
Wed 19 Apr 2023 03:01:56 AM UTC: 
 hashmap.c | 2 ++
 1 file changed, 2 insertions(+)
 tests:  1|5
total_score: 10/70
8110630
Wed 19 Apr 2023 03:02:22 AM UTC: 
 hashmap.c | 1 +
 1 file changed, 1 insertion(+)
 tests:  1|5
total_score: 10/70
1e69184
Wed 19 Apr 2023 03:02:47 AM UTC: 
 hashmap.c | 3 ++-
 1 file changed, 2 insertions(+), 1 deletion(-)
 tests:  2|5
total_score: 20/70
f1a7da5
Wed 19 Apr 2023 03:03:47 AM UTC: 
 hashmap.c | 6 ++++--
 1 file changed, 4 insertions(+), 2 deletions(-)
 tests:  2|5
total_score: 20/70
c2ac0e2
Wed 19 Apr 2023 03:03:58 AM UTC: 
 hashmap.c | 2 ++
 1 file changed, 2 insertions(+)
 tests:  2|5
total_score: 20/70
22c4ce3
Wed 19 Apr 2023 03:06:16 AM UTC: 
 hashmap.c | 7 ++++---
 1 file changed, 4 insertions(+), 3 deletions(-)
In file included from test.c:4:
hashmap.c: In function ‘insertMap’:
hashmap.c:49:23: error: comparison between pointer and integer [-Werror]
   49 |       if(map->current == NULL)
      |                       ^~
cc1: all warnings being treated as errors
Compilation failed
d7b749f
Wed 19 Apr 2023 03:07:00 AM UTC: 
 hashmap.c | 4 ++--
 1 file changed, 2 insertions(+), 2 deletions(-)
In file included from test.c:4:
hashmap.c: In function ‘insertMap’:
hashmap.c:49:13: error: ‘map’ is a pointer; did you mean to use ‘->’?
   49 |       if(map.current == NULL)
      |             ^
      |             ->
hashmap.c:56:12: error: ‘map’ is a pointer; did you mean to use ‘->’?
   56 |         map.current++;
      |            ^
      |            ->
Compilation failed
efaceb8
Wed 19 Apr 2023 03:07:12 AM UTC: 
 hashmap.c | 4 ++--
 1 file changed, 2 insertions(+), 2 deletions(-)
In file included from test.c:4:
hashmap.c: In function ‘insertMap’:
hashmap.c:49:23: error: comparison between pointer and integer [-Werror]
   49 |       if(map->current == NULL)
      |                       ^~
cc1: all warnings being treated as errors
Compilation failed
7e9542f
Wed 19 Apr 2023 03:14:27 AM UTC: 
 hashmap.c | 2 +-
 1 file changed, 1 insertion(+), 1 deletion(-)
 tests:  1|5
total_score: 10/70
2c4c88f
Wed 19 Apr 2023 03:14:58 AM UTC: 
 hashmap.c | 2 +-
 1 file changed, 1 insertion(+), 1 deletion(-)
 tests:  2|5
total_score: 20/70
090b8ed
Wed 19 Apr 2023 03:21:03 AM UTC: 
 hashmap.c | 2 ++
 1 file changed, 2 insertions(+)
 tests:  2|5
total_score: 20/70
03d8169
Wed 19 Apr 2023 03:22:09 AM UTC: 
 hashmap.c | 7 +++++++
 1 file changed, 7 insertions(+)
 tests:  2|5
total_score: 20/70
316c530
Wed 19 Apr 2023 03:22:42 AM UTC: 
 hashmap.c | 7 ++++---
 1 file changed, 4 insertions(+), 3 deletions(-)
 tests:  2|5
total_score: 20/70
5ede034
Wed 19 Apr 2023 03:24:28 AM UTC: 
 hashmap.c | 2 +-
 1 file changed, 1 insertion(+), 1 deletion(-)
 tests:  2|5
total_score: 20/70
11003f9
Wed 19 Apr 2023 03:25:50 AM UTC: 
 hashmap.c | 2 +-
 1 file changed, 1 insertion(+), 1 deletion(-)
In file included from test.c:4:
hashmap.c: In function ‘insertMap’:
hashmap.c:59:46: error: invalid type argument of ‘->’ (have ‘long int’)
   59 |             if(!map->current && !map->current->key)
      |                                              ^~
Compilation failed
0daa4f8
Wed 19 Apr 2023 03:26:01 AM UTC: 
 hashmap.c | 2 +-
 1 file changed, 1 insertion(+), 1 deletion(-)
In file included from test.c:4:
hashmap.c: In function ‘insertMap’:
hashmap.c:59:46: error: request for member ‘key’ in something not a structure or union
   59 |             if(!map->current && !map->current.key)
      |                                              ^
Compilation failed
371d95b
Wed 19 Apr 2023 03:26:38 AM UTC: 
 hashmap.c | 4 ++--
 1 file changed, 2 insertions(+), 2 deletions(-)
 tests:  2|5
total_score: 20/70
4a9dd2a
Wed 19 Apr 2023 03:31:18 AM UTC: 
 hashmap.c | 2 +-
 1 file changed, 1 insertion(+), 1 deletion(-)
In file included from test.c:4:
hashmap.c: In function ‘is_equal’:
hashmap.c:39:1: error: control reaches end of non-void function [-Werror=return-type]
   39 | }
      | ^
cc1: all warnings being treated as errors
Compilation failed
4efceb8
Wed 19 Apr 2023 03:31:29 AM UTC: 
 hashmap.c | 2 +-
 1 file changed, 1 insertion(+), 1 deletion(-)
 tests:  2|5
total_score: 20/70
fe5a087
Wed 19 Apr 2023 03:32:28 AM UTC: 
 hashmap.c | 5 +++--
 1 file changed, 3 insertions(+), 2 deletions(-)
test.c: In function ‘insertMap’:
test.c:453:5: error: ‘main’ is normally a non-static function [-Werror=main]
  453 | int main( int argc, char *argv[] ) {
      |     ^~~~
test.c:511:1: error: expected declaration or statement at end of input
  511 | }
      | ^
At top level:
test.c:453:5: error: ‘main’ defined but not used [-Werror=unused-function]
  453 | int main( int argc, char *argv[] ) {
      |     ^~~~
test.c:217:5: error: ‘insert_test5’ defined but not used [-Werror=unused-function]
  217 | int insert_test5(){ //factor de carga>0.7, se llama a función enlarge
      |     ^~~~~~~~~~~~
test.c:131:6: error: ‘compare_test’ defined but not used [-Werror=unused-function]
  131 | void compare_test(){
      |      ^~~~~~~~~~~~
test.c:125:6: error: ‘hash_test3’ defined but not used [-Werror=unused-function]
  125 | void hash_test3(){ //no random
      |      ^~~~~~~~~~
test.c:111:6: error: ‘hash_test2’ defined but not used [-Werror=unused-function]
  111 | void hash_test2(){ // colisiones
      |      ^~~~~~~~~~
test.c:100:6: error: ‘hash_test1’ defined but not used [-Werror=unused-function]
  100 | void hash_test1(){ // posición válida
      |      ^~~~~~~~~~
cc1: all warnings being treated as errors
Compilation failed
6578ac2
Wed 19 Apr 2023 03:32:49 AM UTC: 
 hashmap.c | 4 +---
 1 file changed, 1 insertion(+), 3 deletions(-)
test.c: In function ‘insertMap’:
test.c:453:5: error: ‘main’ is normally a non-static function [-Werror=main]
  453 | int main( int argc, char *argv[] ) {
      |     ^~~~
test.c:511:1: error: expected declaration or statement at end of input
  511 | }
      | ^
At top level:
test.c:453:5: error: ‘main’ defined but not used [-Werror=unused-function]
  453 | int main( int argc, char *argv[] ) {
      |     ^~~~
test.c:217:5: error: ‘insert_test5’ defined but not used [-Werror=unused-function]
  217 | int insert_test5(){ //factor de carga>0.7, se llama a función enlarge
      |     ^~~~~~~~~~~~
test.c:131:6: error: ‘compare_test’ defined but not used [-Werror=unused-function]
  131 | void compare_test(){
      |      ^~~~~~~~~~~~
test.c:125:6: error: ‘hash_test3’ defined but not used [-Werror=unused-function]
  125 | void hash_test3(){ //no random
      |      ^~~~~~~~~~
test.c:111:6: error: ‘hash_test2’ defined but not used [-Werror=unused-function]
  111 | void hash_test2(){ // colisiones
      |      ^~~~~~~~~~
test.c:100:6: error: ‘hash_test1’ defined but not used [-Werror=unused-function]
  100 | void hash_test1(){ // posición válida
      |      ^~~~~~~~~~
cc1: all warnings being treated as errors
Compilation failed
7de7265
Wed 19 Apr 2023 03:34:30 AM UTC: 
 hashmap.c | 4 +++-
 1 file changed, 3 insertions(+), 1 deletion(-)
test.c: In function ‘insertMap’:
test.c:453:5: error: ‘main’ is normally a non-static function [-Werror=main]
  453 | int main( int argc, char *argv[] ) {
      |     ^~~~
test.c:511:1: error: expected declaration or statement at end of input
  511 | }
      | ^
At top level:
test.c:453:5: error: ‘main’ defined but not used [-Werror=unused-function]
  453 | int main( int argc, char *argv[] ) {
      |     ^~~~
test.c:217:5: error: ‘insert_test5’ defined but not used [-Werror=unused-function]
  217 | int insert_test5(){ //factor de carga>0.7, se llama a función enlarge
      |     ^~~~~~~~~~~~
test.c:131:6: error: ‘compare_test’ defined but not used [-Werror=unused-function]
  131 | void compare_test(){
      |      ^~~~~~~~~~~~
test.c:125:6: error: ‘hash_test3’ defined but not used [-Werror=unused-function]
  125 | void hash_test3(){ //no random
      |      ^~~~~~~~~~
test.c:111:6: error: ‘hash_test2’ defined but not used [-Werror=unused-function]
  111 | void hash_test2(){ // colisiones
      |      ^~~~~~~~~~
test.c:100:6: error: ‘hash_test1’ defined but not used [-Werror=unused-function]
  100 | void hash_test1(){ // posición válida
      |      ^~~~~~~~~~
cc1: all warnings being treated as errors
Compilation failed
3c4fe1c
Wed 19 Apr 2023 03:36:29 AM UTC: 
 hashmap.c | 2 +-
 1 file changed, 1 insertion(+), 1 deletion(-)
test.c: In function ‘insertMap’:
test.c:453:5: error: ‘main’ is normally a non-static function [-Werror=main]
  453 | int main( int argc, char *argv[] ) {
      |     ^~~~
test.c:511:1: error: expected declaration or statement at end of input
  511 | }
      | ^
At top level:
test.c:453:5: error: ‘main’ defined but not used [-Werror=unused-function]
  453 | int main( int argc, char *argv[] ) {
      |     ^~~~
test.c:217:5: error: ‘insert_test5’ defined but not used [-Werror=unused-function]
  217 | int insert_test5(){ //factor de carga>0.7, se llama a función enlarge
      |     ^~~~~~~~~~~~
test.c:131:6: error: ‘compare_test’ defined but not used [-Werror=unused-function]
  131 | void compare_test(){
      |      ^~~~~~~~~~~~
test.c:125:6: error: ‘hash_test3’ defined but not used [-Werror=unused-function]
  125 | void hash_test3(){ //no random
      |      ^~~~~~~~~~
test.c:111:6: error: ‘hash_test2’ defined but not used [-Werror=unused-function]
  111 | void hash_test2(){ // colisiones
      |      ^~~~~~~~~~
test.c:100:6: error: ‘hash_test1’ defined but not used [-Werror=unused-function]
  100 | void hash_test1(){ // posición válida
      |      ^~~~~~~~~~
cc1: all warnings being treated as errors
Compilation failed
3a843a4
Wed 19 Apr 2023 03:36:58 AM UTC: 
 hashmap.c | 10 ++++------
 1 file changed, 4 insertions(+), 6 deletions(-)
 tests:  2|5
total_score: 20/70
dce8638
Wed 19 Apr 2023 03:38:28 AM UTC: 
 hashmap.c | 6 +++---
 1 file changed, 3 insertions(+), 3 deletions(-)
 tests:  1|5
total_score: 10/70
81de430
Wed 19 Apr 2023 03:40:10 AM UTC: 
 hashmap.c | 7 +++----
 1 file changed, 3 insertions(+), 4 deletions(-)
 tests:  2|5
total_score: 20/70
fdf1049
Wed 19 Apr 2023 03:47:00 AM UTC: 
 hashmap.c | 7 +++++--
 1 file changed, 5 insertions(+), 2 deletions(-)
 tests:  2|5
total_score: 20/70
0f7d7fc
Wed 19 Apr 2023 03:47:41 AM UTC: 
 hashmap.c | 1 -
 1 file changed, 1 deletion(-)
 tests:  2|5
total_score: 20/70
4288b61
Wed 19 Apr 2023 04:04:08 AM UTC: 
 hashmap.c | 4 ++--
 1 file changed, 2 insertions(+), 2 deletions(-)
test.c: In function ‘insertMap’:
test.c:453:5: error: ‘main’ is normally a non-static function [-Werror=main]
  453 | int main( int argc, char *argv[] ) {
      |     ^~~~
test.c:511:1: error: expected declaration or statement at end of input
  511 | }
      | ^
At top level:
test.c:453:5: error: ‘main’ defined but not used [-Werror=unused-function]
  453 | int main( int argc, char *argv[] ) {
      |     ^~~~
test.c:217:5: error: ‘insert_test5’ defined but not used [-Werror=unused-function]
  217 | int insert_test5(){ //factor de carga>0.7, se llama a función enlarge
      |     ^~~~~~~~~~~~
test.c:131:6: error: ‘compare_test’ defined but not used [-Werror=unused-function]
  131 | void compare_test(){
      |      ^~~~~~~~~~~~
test.c:125:6: error: ‘hash_test3’ defined but not used [-Werror=unused-function]
  125 | void hash_test3(){ //no random
      |      ^~~~~~~~~~
test.c:111:6: error: ‘hash_test2’ defined but not used [-Werror=unused-function]
  111 | void hash_test2(){ // colisiones
      |      ^~~~~~~~~~
test.c:100:6: error: ‘hash_test1’ defined but not used [-Werror=unused-function]
  100 | void hash_test1(){ // posición válida
      |      ^~~~~~~~~~
cc1: all warnings being treated as errors
Compilation failed
aaed7d8
Wed 19 Apr 2023 04:04:21 AM UTC: 
 hashmap.c | 1 -
 1 file changed, 1 deletion(-)
test.c: In function ‘insertMap’:
test.c:453:5: error: ‘main’ is normally a non-static function [-Werror=main]
  453 | int main( int argc, char *argv[] ) {
      |     ^~~~
test.c:511:1: error: expected declaration or statement at end of input
  511 | }
      | ^
test.c:511:1: error: expected declaration or statement at end of input
At top level:
test.c:453:5: error: ‘main’ defined but not used [-Werror=unused-function]
  453 | int main( int argc, char *argv[] ) {
      |     ^~~~
test.c:217:5: error: ‘insert_test5’ defined but not used [-Werror=unused-function]
  217 | int insert_test5(){ //factor de carga>0.7, se llama a función enlarge
      |     ^~~~~~~~~~~~
test.c:131:6: error: ‘compare_test’ defined but not used [-Werror=unused-function]
  131 | void compare_test(){
      |      ^~~~~~~~~~~~
test.c:125:6: error: ‘hash_test3’ defined but not used [-Werror=unused-function]
  125 | void hash_test3(){ //no random
      |      ^~~~~~~~~~
test.c:111:6: error: ‘hash_test2’ defined but not used [-Werror=unused-function]
  111 | void hash_test2(){ // colisiones
      |      ^~~~~~~~~~
test.c:100:6: error: ‘hash_test1’ defined but not used [-Werror=unused-function]
  100 | void hash_test1(){ // posición válida
      |      ^~~~~~~~~~
cc1: all warnings being treated as errors
Compilation failed
d82a33a
Wed 19 Apr 2023 04:04:49 AM UTC: 
 hashmap.c | 2 +-
 1 file changed, 1 insertion(+), 1 deletion(-)
 tests:  2|5
total_score: 20/70
0be98db
Wed 19 Apr 2023 04:07:42 AM UTC: 
 hashmap.c | 8 ++++----
 1 file changed, 4 insertions(+), 4 deletions(-)
 tests:  2|5
total_score: 20/70
81ca56d
Wed 19 Apr 2023 04:08:31 AM UTC: 
 hashmap.c | 3 ++-
 1 file changed, 2 insertions(+), 1 deletion(-)
In file included from test.c:4:
hashmap.c: In function ‘insertMap’:
hashmap.c:57:7: error: expected ‘}’ before ‘else’
   57 |       else
      |       ^~~~
hashmap.c: At top level:
hashmap.c:71:1: error: expected identifier or ‘(’ before ‘}’ token
   71 | }
      | ^
Compilation failed
aabd06a
Wed 19 Apr 2023 04:08:45 AM UTC: 
 hashmap.c | 4 ++--
 1 file changed, 2 insertions(+), 2 deletions(-)
 tests:  2|5
total_score: 20/70
32a6a13
Thu 20 Apr 2023 01:11:59 AM UTC: 
 hashmap.c | 36 +++++++++++++++---------------------
 1 file changed, 15 insertions(+), 21 deletions(-)
 tests:  5|4
total_score: 30/70
8992ae7
Thu 20 Apr 2023 01:18:38 AM UTC: 
 hashmap.c | 28 +++++++++++++++++-----------
 1 file changed, 17 insertions(+), 11 deletions(-)
 tests:  6|4
total_score: 30/70
89cbc72
Thu 20 Apr 2023 01:19:05 AM UTC: 
 hashmap.c | 1 +
 1 file changed, 1 insertion(+)
 tests:  6|4
total_score: 30/70
f1cdd40
Thu 20 Apr 2023 01:19:32 AM UTC: 
 hashmap.c | 2 +-
 1 file changed, 1 insertion(+), 1 deletion(-)
 tests:  6|4
total_score: 30/70
9811bb2
Thu 20 Apr 2023 01:19:42 AM UTC: 
 hashmap.c | 3 ++-
 1 file changed, 2 insertions(+), 1 deletion(-)
 tests:  6|4
total_score: 30/70
fbd50b4
